<?xml version='1.0'?>
<ns2:test-suite xmlns:ns2='urn:model.allure.qatools.yandex.ru' start='1585085045062' stop='1585085066287'>
    <name>Navigate to apfmhome</name>
    <title>Navigate to apfmhome</title>
    <test-cases>
        <test-case start='1585085045067' status='passed' stop='1585085051499'>
            <name>assert title of apfm</name>
            <title>assert title of apfm</title>
            <labels>
                <label name='language' value='javascript'/>
                <label name='framework' value='wdio'/>
                <label name='thread' value='0-1'/>
            </labels>
            <parameters>
                <parameter kind='argument' name='browser' value='chrome-79.0.3945.130'/>
            </parameters>
            <steps/>
            <attachments>
                <attachment title='Execution video' source='e1955fbe-a30e-4f21-bf62-0d2e87f374c1-attachment.mp4' type='video/mp4' size='143'/>
            </attachments>
        </test-case>
        <test-case start='1585085051543' status='broken' stop='1585085055122'>
            <name>submit the  first lead form in apfmhome</name>
            <title>submit the  first lead form in apfmhome</title>
            <labels>
                <label name='language' value='javascript'/>
                <label name='framework' value='wdio'/>
                <label name='thread' value='0-1'/>
            </labels>
            <parameters>
                <parameter kind='argument' name='browser' value='chrome-79.0.3945.130'/>
            </parameters>
            <steps/>
            <attachments>
                <attachment title='Execution video' source='0df4bd75-1a42-4044-a07f-0e39bce4ca89-attachment.mp4' type='video/mp4' size='162'/>
            </attachments>
            <failure>
                <message>Wrong parameters applied for takeScreenshot
                Usage: takeScreenshot()
                
                For more info see https://github.com/SeleniumHQ/selenium/wiki/JsonWireProtocol#sessionsessionidscreenshot
                </message>
                <stack-trace>Error: Wrong parameters applied for takeScreenshot
                Usage: takeScreenshot()
                For more info see https://github.com/SeleniumHQ/selenium/wiki/JsonWireProtocol#sessionsessionidscreenshot
                    at Browser.protocolCommand (C:\Users\lakshmi.valasapalli\OneDrive\Desktop\apfm\node_modules\webdriver\build\command.js:39:13)
                    at Browser.runCommandWithHooks (C:\Users\lakshmi.valasapalli\OneDrive\Desktop\apfm\node_modules\@wdio\sync\build\wrapCommand.js:88:30)
                    at processTicksAndRejections (internal/process/task_queues.js:94:5)
                    at Browser.runCommandWithHooks (C:\Users\lakshmi.valasapalli\OneDrive\Desktop\apfm\node_modules\@wdio\sync\build\wrapCommand.js:82:22)
                    at Browser.takeScreenshot (C:\Users\lakshmi.valasapalli\OneDrive\Desktop\apfm\node_modules\@wdio\sync\build\wrapCommand.js:59:40)
                    at Context.&lt;anonymous> (C:\Users\lakshmi.valasapalli\OneDrive\Desktop\apfm\Tests\Leads/Homepageleads.js:23:17)
                    at Context.executeSync (C:\Users\lakshmi.valasapalli\OneDrive\Desktop\apfm\node_modules\@wdio\sync\build\index.js:56:18)
                    at C:\Users\lakshmi.valasapalli\OneDrive\Desktop\apfm\node_modules\@wdio\sync\build\index.js:82:70</stack-trace>
            </failure>
        </test-case>
        <test-case start='1585085055146' status='broken' stop='1585085066270'>
            <name>submit the homepagestep2 lead form </name>
            <title>submit the homepagestep2 lead form </title>
            <labels>
                <label name='language' value='javascript'/>
                <label name='framework' value='wdio'/>
                <label name='thread' value='0-1'/>
            </labels>
            <parameters>
                <parameter kind='argument' name='browser' value='chrome-79.0.3945.130'/>
            </parameters>
            <steps/>
            <attachments>
                <attachment title='Execution video' source='d1f61a8a-6f2f-4271-9b5a-ab323c4878a7-attachment.mp4' type='video/mp4' size='158'/>
            </attachments>
            <failure>
                <message>element ("#leadFormFullname") still not displayed after 10000ms</message>
                <stack-trace>Error: element ("#leadFormFullname") still not displayed after 10000ms
                    at C:\Users\lakshmi.valasapalli\OneDrive\Desktop\apfm\node_modules\webdriverio\build\commands\browser\waitUntil.js:30:15
                    at Element.elementErrorHandlerCallbackFn (C:\Users\lakshmi.valasapalli\OneDrive\Desktop\apfm\node_modules\webdriverio\build\middlewares.js:21:24)
                    at Element.runCommandWithHooks (C:\Users\lakshmi.valasapalli\OneDrive\Desktop\apfm\node_modules\@wdio\sync\build\wrapCommand.js:88:21)
                    at Element.runCommandWithHooks (C:\Users\lakshmi.valasapalli\OneDrive\Desktop\apfm\node_modules\@wdio\sync\build\wrapCommand.js:82:22)
                    at Element.wrapCommandFn (C:\Users\lakshmi.valasapalli\OneDrive\Desktop\apfm\node_modules\@wdio\sync\build\wrapCommand.js:59:40)
                    at Element.elementErrorHandlerCallback (C:\Users\lakshmi.valasapalli\OneDrive\Desktop\apfm\node_modules\webdriverio\build\middlewares.js:40:8)
                    at Element.waitForDisplayed (C:\Users\lakshmi.valasapalli\OneDrive\Desktop\apfm\node_modules\webdriverio\build\commands\element\waitForDisplayed.js:15:15)
                    at Element.wrapCommandFn (C:\Users\lakshmi.valasapalli\OneDrive\Desktop\apfm\node_modules\@wdio\sync\build\wrapCommand.js:54:17)
                    at Element.elementErrorHandlerCallbackFn (C:\Users\lakshmi.valasapalli\OneDrive\Desktop\apfm\node_modules\webdriverio\build\middlewares.js:21:57)
                    at processTicksAndRejections (internal/process/task_queues.js:94:5)
                    at Element.waitForDisplayed (C:\Users\lakshmi.valasapalli\OneDrive\Desktop\apfm\node_modules\webdriverio\build\middlewares.js:40:8)
                    at ElementUtil.doSetValue (C:\Users\lakshmi.valasapalli\OneDrive\Desktop\apfm\utils/elementUtil.js:11:13)
                    at apfmhomePage.submitStep2LeadForm (C:\Users\lakshmi.valasapalli\OneDrive\Desktop\apfm\Pages/apfmhomePage.js:49:17)
                    at Context.&lt;anonymous> (C:\Users\lakshmi.valasapalli\OneDrive\Desktop\apfm\Tests\Leads/Homepageleads.js:29:22)
                    at Context.executeSync (C:\Users\lakshmi.valasapalli\OneDrive\Desktop\apfm\node_modules\@wdio\sync\build\index.js:56:18)
                    at C:\Users\lakshmi.valasapalli\OneDrive\Desktop\apfm\node_modules\@wdio\sync\build\index.js:82:70</stack-trace>
            </failure>
        </test-case>
    </test-cases>
</ns2:test-suite>