<?xml version='1.0'?>
<ns2:test-suite xmlns:ns2='urn:model.allure.qatools.yandex.ru' start='1585016663345' stop='1585016692598'>
    <name>Navigate to apfmhome</name>
    <title>Navigate to apfmhome</title>
    <test-cases>
        <test-case start='1585016663371' status='passed' stop='1585016670375'>
            <name>assert title of apfm</name>
            <title>assert title of apfm</title>
            <labels>
                <label name='language' value='javascript'/>
                <label name='framework' value='wdio'/>
                <label name='thread' value='0-2'/>
            </labels>
            <parameters>
                <parameter kind='argument' name='browser' value='firefox-10.0'/>
                <parameter kind='argument' name='browserVersion' value='74.0'/>
            </parameters>
            <steps/>
            <attachments/>
        </test-case>
        <test-case start='1585016670377' status='broken' stop='1585016680960'>
            <name>submit the  first lead form in apfmhome</name>
            <title>submit the  first lead form in apfmhome</title>
            <labels>
                <label name='language' value='javascript'/>
                <label name='framework' value='wdio'/>
                <label name='thread' value='0-2'/>
            </labels>
            <parameters>
                <parameter kind='argument' name='browser' value='firefox-10.0'/>
                <parameter kind='argument' name='browserVersion' value='74.0'/>
            </parameters>
            <steps/>
            <attachments>
                <attachment title='Execution video' source='0f6469b3-170e-4437-805a-01c27f950f6d-attachment.mp4' type='video/mp4' size='163'/>
            </attachments>
            <failure>
                <message>Element &lt;span> is not clickable at point (316,512) because another element &lt;div class="pac-container pac-logo"> obscures it</message>
                <stack-trace>element click intercepted: Element &lt;span> is not clickable at point (316,512) because another element &lt;div class="pac-container pac-logo"> obscures it
                    at getErrorFromResponseBody (C:\Users\lakshmi.valasapalli\OneDrive\Desktop\apfm\node_modules\webdriver\build\utils.js:124:10)
                    at Request._callback (C:\Users\lakshmi.valasapalli\OneDrive\Desktop\apfm\node_modules\webdriver\build\request.js:121:64)
                    at Request.self.callback (C:\Users\lakshmi.valasapalli\OneDrive\Desktop\apfm\node_modules\request\request.js:185:22)
                    at Request.&lt;anonymous> (C:\Users\lakshmi.valasapalli\OneDrive\Desktop\apfm\node_modules\request\request.js:1154:10)
                    at IncomingMessage.&lt;anonymous> (C:\Users\lakshmi.valasapalli\OneDrive\Desktop\apfm\node_modules\request\request.js:1076:12)
                    at Element.runCommandWithHooks (C:\Users\lakshmi.valasapalli\OneDrive\Desktop\apfm\node_modules\@wdio\sync\build\wrapCommand.js:82:22)
                    at Element.wrapCommandFn (C:\Users\lakshmi.valasapalli\OneDrive\Desktop\apfm\node_modules\@wdio\sync\build\wrapCommand.js:59:40)
                    at Element.click (C:\Users\lakshmi.valasapalli\OneDrive\Desktop\apfm\node_modules\webdriverio\build\middlewares.js:40:8)
                    at Context.&lt;anonymous> (C:\Users\lakshmi.valasapalli\OneDrive\Desktop\apfm\Tests\Leads/Homepageleads.js:24:50)
                    at Context.executeSync (C:\Users\lakshmi.valasapalli\OneDrive\Desktop\apfm\node_modules\@wdio\sync\build\index.js:56:18)
                    at C:\Users\lakshmi.valasapalli\OneDrive\Desktop\apfm\node_modules\@wdio\sync\build\index.js:82:70</stack-trace>
            </failure>
        </test-case>
        <test-case start='1585016682055' status='broken' stop='1585016692587'>
            <name>submit the homepagestep2 lead form </name>
            <title>submit the homepagestep2 lead form </title>
            <labels>
                <label name='language' value='javascript'/>
                <label name='framework' value='wdio'/>
                <label name='thread' value='0-2'/>
            </labels>
            <parameters>
                <parameter kind='argument' name='browser' value='firefox-10.0'/>
                <parameter kind='argument' name='browserVersion' value='74.0'/>
            </parameters>
            <steps/>
            <attachments>
                <attachment title='Execution video' source='3367a6fb-ad5c-4892-b9ab-ea4f983cffbe-attachment.mp4' type='video/mp4' size='159'/>
            </attachments>
            <failure>
                <message>element ("#leadFormFullname") still not displayed after 10000ms</message>
                <stack-trace>Error: element ("#leadFormFullname") still not displayed after 10000ms
                    at C:\Users\lakshmi.valasapalli\OneDrive\Desktop\apfm\node_modules\webdriverio\build\commands\browser\waitUntil.js:30:15
                    at Element.elementErrorHandlerCallbackFn (C:\Users\lakshmi.valasapalli\OneDrive\Desktop\apfm\node_modules\webdriverio\build\middlewares.js:21:24)
                    at Element.runCommandWithHooks (C:\Users\lakshmi.valasapalli\OneDrive\Desktop\apfm\node_modules\@wdio\sync\build\wrapCommand.js:88:21)
                    at Element.runCommandWithHooks (C:\Users\lakshmi.valasapalli\OneDrive\Desktop\apfm\node_modules\@wdio\sync\build\wrapCommand.js:82:22)
                    at Element.wrapCommandFn (C:\Users\lakshmi.valasapalli\OneDrive\Desktop\apfm\node_modules\@wdio\sync\build\wrapCommand.js:59:40)
                    at Element.elementErrorHandlerCallback (C:\Users\lakshmi.valasapalli\OneDrive\Desktop\apfm\node_modules\webdriverio\build\middlewares.js:40:8)
                    at Element.waitForDisplayed (C:\Users\lakshmi.valasapalli\OneDrive\Desktop\apfm\node_modules\webdriverio\build\commands\element\waitForDisplayed.js:15:15)
                    at Element.wrapCommandFn (C:\Users\lakshmi.valasapalli\OneDrive\Desktop\apfm\node_modules\@wdio\sync\build\wrapCommand.js:54:17)
                    at Element.elementErrorHandlerCallbackFn (C:\Users\lakshmi.valasapalli\OneDrive\Desktop\apfm\node_modules\webdriverio\build\middlewares.js:21:57)
                    at processTicksAndRejections (internal/process/task_queues.js:94:5)
                    at Element.waitForDisplayed (C:\Users\lakshmi.valasapalli\OneDrive\Desktop\apfm\node_modules\webdriverio\build\middlewares.js:40:8)
                    at ElementUtil.doSetValue (C:\Users\lakshmi.valasapalli\OneDrive\Desktop\apfm\utils/elementUtil.js:9:13)
                    at apfmhomePage.submitStep2LeadForm (C:\Users\lakshmi.valasapalli\OneDrive\Desktop\apfm\Pages/apfmhomePage.js:49:17)
                    at Context.&lt;anonymous> (C:\Users\lakshmi.valasapalli\OneDrive\Desktop\apfm\Tests\Leads/Homepageleads.js:29:22)
                    at Context.executeSync (C:\Users\lakshmi.valasapalli\OneDrive\Desktop\apfm\node_modules\@wdio\sync\build\index.js:56:18)
                    at C:\Users\lakshmi.valasapalli\OneDrive\Desktop\apfm\node_modules\@wdio\sync\build\index.js:82:70</stack-trace>
            </failure>
        </test-case>
    </test-cases>
</ns2:test-suite>