<?xml version='1.0'?>
<ns2:test-suite xmlns:ns2='urn:model.allure.qatools.yandex.ru' start='1585083481898' stop='1585083499595'>
    <name>Navigate to apfmhome</name>
    <title>Navigate to apfmhome</title>
    <test-cases>
        <test-case start='1585083481905' status='passed' stop='1585083485573'>
            <name>assert title of apfm</name>
            <title>assert title of apfm</title>
            <labels>
                <label name='language' value='javascript'/>
                <label name='framework' value='wdio'/>
                <label name='thread' value='0-1'/>
            </labels>
            <parameters>
                <parameter kind='argument' name='browser' value='chrome-79.0.3945.130'/>
            </parameters>
            <steps/>
            <attachments>
                <attachment title='Execution video' source='61829964-2581-45d0-a0e2-78c548415e9b-attachment.mp4' type='video/mp4' size='143'/>
            </attachments>
        </test-case>
        <test-case start='1585083485601' status='broken' stop='1585083488277'>
            <name>submit the  first lead form in apfmhome</name>
            <title>submit the  first lead form in apfmhome</title>
            <labels>
                <label name='language' value='javascript'/>
                <label name='framework' value='wdio'/>
                <label name='thread' value='0-1'/>
            </labels>
            <parameters>
                <parameter kind='argument' name='browser' value='chrome-79.0.3945.130'/>
            </parameters>
            <steps/>
            <attachments>
                <attachment title='Execution video' source='f85efaa5-a36b-429e-a324-ad255595fc85-attachment.mp4' type='video/mp4' size='162'/>
            </attachments>
            <failure>
                <message>unknown error: Element &lt;span>...&lt;/span> is not clickable at point (227, 588). Other element would receive the click: &lt;div class="pac-container pac-logo" style="width: 294px; position: absolute; left: 78px; top: 548px;">...&lt;/div>
                  (Session info: chrome=79.0.3945.130)
                  (Driver info: chromedriver=2.43.600210 (68dcf5eebde37173d4027fa8635e332711d2874a),platform=Windows NT 10.0.18363 x86_64)</message>
                <stack-trace>Error: unknown error: Element &lt;span>...&lt;/span> is not clickable at point (227, 588). Other element would receive the click: &lt;div class="pac-container pac-logo" style="width: 294px; position: absolute; left: 78px; top: 548px;">...&lt;/div>
                  (Session info: chrome=79.0.3945.130)
                  (Driver info: chromedriver=2.43.600210 (68dcf5eebde37173d4027fa8635e332711d2874a),platform=Windows NT 10.0.18363 x86_64)
                    at getErrorFromResponseBody (C:\Users\lakshmi.valasapalli\OneDrive\Desktop\apfm\node_modules\webdriver\build\utils.js:124:10)
                    at Request._callback (C:\Users\lakshmi.valasapalli\OneDrive\Desktop\apfm\node_modules\webdriver\build\request.js:121:64)
                    at Request.self.callback (C:\Users\lakshmi.valasapalli\OneDrive\Desktop\apfm\node_modules\request\request.js:185:22)
                    at Request.&lt;anonymous> (C:\Users\lakshmi.valasapalli\OneDrive\Desktop\apfm\node_modules\request\request.js:1154:10)
                    at IncomingMessage.&lt;anonymous> (C:\Users\lakshmi.valasapalli\OneDrive\Desktop\apfm\node_modules\request\request.js:1076:12)
                    at Element.runCommandWithHooks (C:\Users\lakshmi.valasapalli\OneDrive\Desktop\apfm\node_modules\@wdio\sync\build\wrapCommand.js:82:22)
                    at Element.wrapCommandFn (C:\Users\lakshmi.valasapalli\OneDrive\Desktop\apfm\node_modules\@wdio\sync\build\wrapCommand.js:59:40)
                    at Element.click (C:\Users\lakshmi.valasapalli\OneDrive\Desktop\apfm\node_modules\webdriverio\build\middlewares.js:40:8)
                    at Context.&lt;anonymous> (C:\Users\lakshmi.valasapalli\OneDrive\Desktop\apfm\Tests\Leads/Homepageleads.js:24:50)
                    at Context.executeSync (C:\Users\lakshmi.valasapalli\OneDrive\Desktop\apfm\node_modules\@wdio\sync\build\index.js:56:18)
                    at C:\Users\lakshmi.valasapalli\OneDrive\Desktop\apfm\node_modules\@wdio\sync\build\index.js:82:70</stack-trace>
            </failure>
        </test-case>
        <test-case start='1585083488297' status='broken' stop='1585083499583'>
            <name>submit the homepagestep2 lead form </name>
            <title>submit the homepagestep2 lead form </title>
            <labels>
                <label name='language' value='javascript'/>
                <label name='framework' value='wdio'/>
                <label name='thread' value='0-1'/>
            </labels>
            <parameters>
                <parameter kind='argument' name='browser' value='chrome-79.0.3945.130'/>
            </parameters>
            <steps/>
            <attachments>
                <attachment title='Execution video' source='cc93ce7d-e9f6-43b1-9be2-37beb36614ee-attachment.mp4' type='video/mp4' size='158'/>
            </attachments>
            <failure>
                <message>element ("#leadFormFullname") still not displayed after 10000ms</message>
                <stack-trace>Error: element ("#leadFormFullname") still not displayed after 10000ms
                    at C:\Users\lakshmi.valasapalli\OneDrive\Desktop\apfm\node_modules\webdriverio\build\commands\browser\waitUntil.js:30:15
                    at Element.elementErrorHandlerCallbackFn (C:\Users\lakshmi.valasapalli\OneDrive\Desktop\apfm\node_modules\webdriverio\build\middlewares.js:21:24)
                    at Element.runCommandWithHooks (C:\Users\lakshmi.valasapalli\OneDrive\Desktop\apfm\node_modules\@wdio\sync\build\wrapCommand.js:88:21)
                    at Element.runCommandWithHooks (C:\Users\lakshmi.valasapalli\OneDrive\Desktop\apfm\node_modules\@wdio\sync\build\wrapCommand.js:82:22)
                    at Element.wrapCommandFn (C:\Users\lakshmi.valasapalli\OneDrive\Desktop\apfm\node_modules\@wdio\sync\build\wrapCommand.js:59:40)
                    at Element.elementErrorHandlerCallback (C:\Users\lakshmi.valasapalli\OneDrive\Desktop\apfm\node_modules\webdriverio\build\middlewares.js:40:8)
                    at Element.waitForDisplayed (C:\Users\lakshmi.valasapalli\OneDrive\Desktop\apfm\node_modules\webdriverio\build\commands\element\waitForDisplayed.js:15:15)
                    at Element.wrapCommandFn (C:\Users\lakshmi.valasapalli\OneDrive\Desktop\apfm\node_modules\@wdio\sync\build\wrapCommand.js:54:17)
                    at Element.elementErrorHandlerCallbackFn (C:\Users\lakshmi.valasapalli\OneDrive\Desktop\apfm\node_modules\webdriverio\build\middlewares.js:21:57)
                    at processTicksAndRejections (internal/process/task_queues.js:94:5)
                    at Element.waitForDisplayed (C:\Users\lakshmi.valasapalli\OneDrive\Desktop\apfm\node_modules\webdriverio\build\middlewares.js:40:8)
                    at ElementUtil.doSetValue (C:\Users\lakshmi.valasapalli\OneDrive\Desktop\apfm\utils/elementUtil.js:11:13)
                    at apfmhomePage.submitStep2LeadForm (C:\Users\lakshmi.valasapalli\OneDrive\Desktop\apfm\Pages/apfmhomePage.js:49:17)
                    at Context.&lt;anonymous> (C:\Users\lakshmi.valasapalli\OneDrive\Desktop\apfm\Tests\Leads/Homepageleads.js:29:22)
                    at Context.executeSync (C:\Users\lakshmi.valasapalli\OneDrive\Desktop\apfm\node_modules\@wdio\sync\build\index.js:56:18)
                    at C:\Users\lakshmi.valasapalli\OneDrive\Desktop\apfm\node_modules\@wdio\sync\build\index.js:82:70</stack-trace>
            </failure>
        </test-case>
    </test-cases>
</ns2:test-suite>